<?xml version="1.0" encoding="UTF-8"?>
<testng-results skipped="0" failed="0" total="1" passed="1">
  <reporter-output>
    <line>
      <![CDATA[Chrome drive launched with headless mode = NO, Image Disable mode = NO]]>
    </line>
    <line>
      <![CDATA[chrome Maximized]]>
    </line>
    <line>
      <![CDATA[https://www.makemytrip.com Opened]]>
    </line>
    <line>
      <![CDATA[Successfully user is on home page]]>
    </line>
    <line>
      <![CDATA[clicked on Tab Menu Flights]]>
    </line>
    <line>
      <![CDATA[clicked on Round Trip]]>
    </line>
    <line>
      <![CDATA[Successfully entered the Delhi]]>
    </line>
    <line>
      <![CDATA[selected the city from suggestions]]>
    </line>
    <line>
      <![CDATA[Successfully entered the Bangalore]]>
    </line>
    <line>
      <![CDATA[selected the city from suggestions]]>
    </line>
    <line>
      <![CDATA[clicked on calender]]>
    </line>
    <line>
      <![CDATA[Successfully clicked on Departure Journey Date Sat May 25 2019]]>
    </line>
    <line>
      <![CDATA[Successfully clicked on Departure Journey Date Sat Jun 01 2019]]>
    </line>
    <line>
      <![CDATA[Successfully clicked on search button]]>
    </line>
    <line>
      <![CDATA[clicked on Departure flight having index 1]]>
    </line>
    <line>
      <![CDATA[clicked on Return flight having index 1]]>
    </line>
    <line>
      <![CDATA[Given 23 Index number is more than number of Departure flight listed or Negative value]]>
    </line>
    <line>
      <![CDATA[select flight from another departure date]]>
    </line>
    <line>
      <![CDATA[clicked on Return flight having index 45]]>
    </line>
    <line>
      <![CDATA[clicked on Departure flight having index 12]]>
    </line>
    <line>
      <![CDATA[clicked on Return flight having index 16]]>
    </line>
    <line>
      <![CDATA[clicked on Departure flight having index 5]]>
    </line>
    <line>
      <![CDATA[clicked on Return flight having index 31]]>
    </line>
    <line>
      <![CDATA[clicked on Departure flight having index 4]]>
    </line>
    <line>
      <![CDATA[clicked on Return flight having index 3]]>
    </line>
    <line>
      <![CDATA[clicked on Departure flight having index 10]]>
    </line>
    <line>
      <![CDATA[clicked on Return flight having index 23]]>
    </line>
    <line>
      <![CDATA[clicked on Departure flight having index 8]]>
    </line>
    <line>
      <![CDATA[clicked on Return flight having index 3]]>
    </line>
  </reporter-output>
  <suite name="Suite" duration-ms="91530" started-at="2019-05-25T09:53:14Z" finished-at="2019-05-25T09:54:46Z">
    <groups>
      <group name="cucumber">
        <method signature="AbstractTestNGCucumberTests.feature(cucumber.api.testng.CucumberFeatureWrapper)[pri:0, instance:com.testrunner.FlightResultTestRunner@7f6b8c]" name="feature" class="cucumber.api.testng.AbstractTestNGCucumberTests"/>
      </group> <!-- cucumber -->
    </groups>
    <test name="MakeMyTrip-Challenge" duration-ms="91530" started-at="2019-05-25T09:53:14Z" finished-at="2019-05-25T09:54:46Z">
      <class name="com.testrunner.FlightResultTestRunner">
        <test-method status="PASS" signature="setUpClass()[pri:0, instance:com.testrunner.FlightResultTestRunner@7f6b8c]" name="setUpClass" is-config="true" duration-ms="683" started-at="2019-05-25T15:23:14Z" finished-at="2019-05-25T15:23:15Z">
          <reporter-output>
          </reporter-output>
        </test-method> <!-- setUpClass -->
        <test-method status="PASS" signature="feature(cucumber.api.testng.CucumberFeatureWrapper)[pri:0, instance:com.testrunner.FlightResultTestRunner@7f6b8c]" name="feature" duration-ms="90086" started-at="2019-05-25T15:23:15Z" description="Runs Cucumber Feature" data-provider="features" finished-at="2019-05-25T15:24:45Z">
          <params>
            <param index="0">
              <value>
                <![CDATA[this feature is designed to test flight test results]]>
              </value>
            </param>
          </params>
          <reporter-output>
            <line>
              <![CDATA[Chrome drive launched with headless mode = NO, Image Disable mode = NO]]>
            </line>
            <line>
              <![CDATA[chrome Maximized]]>
            </line>
            <line>
              <![CDATA[https://www.makemytrip.com Opened]]>
            </line>
            <line>
              <![CDATA[Successfully user is on home page]]>
            </line>
            <line>
              <![CDATA[clicked on Tab Menu Flights]]>
            </line>
            <line>
              <![CDATA[clicked on Round Trip]]>
            </line>
            <line>
              <![CDATA[Successfully entered the Delhi]]>
            </line>
            <line>
              <![CDATA[selected the city from suggestions]]>
            </line>
            <line>
              <![CDATA[Successfully entered the Bangalore]]>
            </line>
            <line>
              <![CDATA[selected the city from suggestions]]>
            </line>
            <line>
              <![CDATA[clicked on calender]]>
            </line>
            <line>
              <![CDATA[Successfully clicked on Departure Journey Date Sat May 25 2019]]>
            </line>
            <line>
              <![CDATA[Successfully clicked on Departure Journey Date Sat Jun 01 2019]]>
            </line>
            <line>
              <![CDATA[Successfully clicked on search button]]>
            </line>
            <line>
              <![CDATA[clicked on Departure flight having index 1]]>
            </line>
            <line>
              <![CDATA[clicked on Return flight having index 1]]>
            </line>
            <line>
              <![CDATA[Given 23 Index number is more than number of Departure flight listed or Negative value]]>
            </line>
            <line>
              <![CDATA[select flight from another departure date]]>
            </line>
            <line>
              <![CDATA[clicked on Return flight having index 45]]>
            </line>
            <line>
              <![CDATA[clicked on Departure flight having index 12]]>
            </line>
            <line>
              <![CDATA[clicked on Return flight having index 16]]>
            </line>
            <line>
              <![CDATA[clicked on Departure flight having index 5]]>
            </line>
            <line>
              <![CDATA[clicked on Return flight having index 31]]>
            </line>
            <line>
              <![CDATA[clicked on Departure flight having index 4]]>
            </line>
            <line>
              <![CDATA[clicked on Return flight having index 3]]>
            </line>
            <line>
              <![CDATA[clicked on Departure flight having index 10]]>
            </line>
            <line>
              <![CDATA[clicked on Return flight having index 23]]>
            </line>
            <line>
              <![CDATA[clicked on Departure flight having index 8]]>
            </line>
            <line>
              <![CDATA[clicked on Return flight having index 3]]>
            </line>
          </reporter-output>
        </test-method> <!-- feature -->
        <test-method status="PASS" signature="tearDownClass()[pri:0, instance:com.testrunner.FlightResultTestRunner@7f6b8c]" name="tearDownClass" is-config="true" duration-ms="6" started-at="2019-05-25T15:24:46Z" finished-at="2019-05-25T15:24:46Z">
          <reporter-output>
          </reporter-output>
        </test-method> <!-- tearDownClass -->
      </class> <!-- com.testrunner.FlightResultTestRunner -->
    </test> <!-- MakeMyTrip-Challenge -->
  </suite> <!-- Suite -->
</testng-results>
