<?xml version="1.0" encoding="UTF-8"?>
<testng-results skipped="0" failed="1" total="1" passed="0">
  <reporter-output>
    <line>
      <![CDATA[Chrome drive launched with headless mode = NO, Image Disable mode = NO]]>
    </line>
    <line>
      <![CDATA[chrome Maximized]]>
    </line>
    <line>
      <![CDATA[https://www.makemytrip.com Opened]]>
    </line>
    <line>
      <![CDATA[Successfully user is on home page]]>
    </line>
    <line>
      <![CDATA[clicked on Tab Menu Flights]]>
    </line>
    <line>
      <![CDATA[clicked on RoundTrip]]>
    </line>
    <line>
      <![CDATA[Successfully entered the Delhi]]>
    </line>
    <line>
      <![CDATA[selected the city from suggestions]]>
    </line>
    <line>
      <![CDATA[Successfully entered the Bangalore]]>
    </line>
    <line>
      <![CDATA[selected the city from suggestions]]>
    </line>
    <line>
      <![CDATA[clicked on calender]]>
    </line>
    <line>
      <![CDATA[Successfully clicked on Departure Journey Date Fri May 24 2019]]>
    </line>
    <line>
      <![CDATA[Successfully clicked on Departure Journey Date Fri May 31 2019]]>
    </line>
    <line>
      <![CDATA[Successfully clicked on search button]]>
    </line>
    <line>
      <![CDATA[Given 1 Index number is more than number of Departure flight listed or Negative value]]>
    </line>
    <line>
      <![CDATA[select flight from another departure date]]>
    </line>
    <line>
      <![CDATA[clicked on Return flight having index 1]]>
    </line>
    <line>
      <![CDATA[Given 23 Index number is more than number of Departure flight listed or Negative value]]>
    </line>
    <line>
      <![CDATA[select flight from another departure date]]>
    </line>
    <line>
      <![CDATA[clicked on Return flight having index 45]]>
    </line>
    <line>
      <![CDATA[Given 12 Index number is more than number of Departure flight listed or Negative value]]>
    </line>
    <line>
      <![CDATA[select flight from another departure date]]>
    </line>
    <line>
      <![CDATA[clicked on Return flight having index 16]]>
    </line>
    <line>
      <![CDATA[Given 5 Index number is more than number of Departure flight listed or Negative value]]>
    </line>
    <line>
      <![CDATA[select flight from another departure date]]>
    </line>
    <line>
      <![CDATA[clicked on Return flight having index 31]]>
    </line>
    <line>
      <![CDATA[Given 4 Index number is more than number of Departure flight listed or Negative value]]>
    </line>
    <line>
      <![CDATA[select flight from another departure date]]>
    </line>
    <line>
      <![CDATA[clicked on Return flight having index 3]]>
    </line>
    <line>
      <![CDATA[Given 10 Index number is more than number of Departure flight listed or Negative value]]>
    </line>
    <line>
      <![CDATA[select flight from another departure date]]>
    </line>
    <line>
      <![CDATA[clicked on Return flight having index 23]]>
    </line>
    <line>
      <![CDATA[Given 8 Index number is more than number of Departure flight listed or Negative value]]>
    </line>
    <line>
      <![CDATA[select flight from another departure date]]>
    </line>
    <line>
      <![CDATA[clicked on Return flight having index 3]]>
    </line>
  </reporter-output>
  <suite name="Suite" duration-ms="70590" started-at="2019-05-24T14:58:26Z" finished-at="2019-05-24T14:59:37Z">
    <groups>
      <group name="cucumber">
        <method signature="AbstractTestNGCucumberTests.feature(cucumber.api.testng.CucumberFeatureWrapper)[pri:0, instance:com.testrunner.FlightResultTestRunner@7f6b8c]" name="feature" class="cucumber.api.testng.AbstractTestNGCucumberTests"/>
      </group> <!-- cucumber -->
    </groups>
    <test name="MakeMyTrip-Challenge" duration-ms="70590" started-at="2019-05-24T14:58:26Z" finished-at="2019-05-24T14:59:37Z">
      <class name="com.testrunner.FlightResultTestRunner">
        <test-method status="PASS" signature="setUpClass()[pri:0, instance:com.testrunner.FlightResultTestRunner@7f6b8c]" name="setUpClass" is-config="true" duration-ms="756" started-at="2019-05-24T20:28:26Z" finished-at="2019-05-24T20:28:27Z">
          <reporter-output>
          </reporter-output>
        </test-method> <!-- setUpClass -->
        <test-method status="FAIL" signature="feature(cucumber.api.testng.CucumberFeatureWrapper)[pri:0, instance:com.testrunner.FlightResultTestRunner@7f6b8c]" name="feature" duration-ms="69085" started-at="2019-05-24T20:28:27Z" description="Runs Cucumber Feature" data-provider="features" finished-at="2019-05-24T20:29:36Z">
          <params>
            <param index="0">
              <value>
                <![CDATA[this feature is designed to test flight test results]]>
              </value>
            </param>
          </params>
          <exception class="cucumber.runtime.CucumberException">
            <message>
              <![CDATA[org.openqa.selenium.TimeoutException: Expected condition failed: waiting for visibility of all [] (tried for 5 second(s) with 500 milliseconds interval)
Build info: version: '3.14.0', revision: 'aacccce0', time: '2018-08-02T20:19:58.91Z'
System info: host: 'DESKTOP-UKQTIHO', ip: '192.168.0.126', os.name: 'Windows 10', os.arch: 'x86', os.version: '10.0', java.version: '1.8.0_191'
Driver info: org.openqa.selenium.chrome.ChromeDriver
Capabilities {acceptInsecureCerts: false, acceptSslCerts: false, applicationCacheEnabled: false, browserConnectionEnabled: false, browserName: chrome, chrome: {chromedriverVersion: 74.0.3729.6 (255758eccf3d24..., userDataDir: C:\Users\AAKHAN~1\AppData\L...}, cssSelectorsEnabled: true, databaseEnabled: false, goog:chromeOptions: {debuggerAddress: localhost:50595}, handlesAlerts: true, hasTouchScreen: false, javascriptEnabled: true, locationContextEnabled: true, mobileEmulationEnabled: false, nativeEvents: true, networkConnectionEnabled: false, pageLoadStrategy: normal, platform: XP, platformName: XP, proxy: Proxy(), rotatable: false, setWindowRect: true, strictFileInteractability: false, takesHeapSnapshot: true, takesScreenshot: true, timeouts: {implicit: 0, pageLoad: 300000, script: 30000}, unexpectedAlertBehaviour: ignore, unhandledPromptBehavior: ignore, version: 74.0.3729.169, webStorageEnabled: true}
Session ID: 85e4960660270529754c3a7d093a5ac5]]>
            </message>
            <full-stacktrace>
              <![CDATA[cucumber.runtime.CucumberException: org.openqa.selenium.TimeoutException: Expected condition failed: waiting for visibility of all [] (tried for 5 second(s) with 500 milliseconds interval)
Build info: version: '3.14.0', revision: 'aacccce0', time: '2018-08-02T20:19:58.91Z'
System info: host: 'DESKTOP-UKQTIHO', ip: '192.168.0.126', os.name: 'Windows 10', os.arch: 'x86', os.version: '10.0', java.version: '1.8.0_191'
Driver info: org.openqa.selenium.chrome.ChromeDriver
Capabilities {acceptInsecureCerts: false, acceptSslCerts: false, applicationCacheEnabled: false, browserConnectionEnabled: false, browserName: chrome, chrome: {chromedriverVersion: 74.0.3729.6 (255758eccf3d24..., userDataDir: C:\Users\AAKHAN~1\AppData\L...}, cssSelectorsEnabled: true, databaseEnabled: false, goog:chromeOptions: {debuggerAddress: localhost:50595}, handlesAlerts: true, hasTouchScreen: false, javascriptEnabled: true, locationContextEnabled: true, mobileEmulationEnabled: false, nativeEvents: true, networkConnectionEnabled: false, pageLoadStrategy: normal, platform: XP, platformName: XP, proxy: Proxy(), rotatable: false, setWindowRect: true, strictFileInteractability: false, takesHeapSnapshot: true, takesScreenshot: true, timeouts: {implicit: 0, pageLoad: 300000, script: 30000}, unexpectedAlertBehaviour: ignore, unhandledPromptBehavior: ignore, version: 74.0.3729.169, webStorageEnabled: true}
Session ID: 85e4960660270529754c3a7d093a5ac5
	at cucumber.api.testng.TestNGCucumberRunner.runCucumber(TestNGCucumberRunner.java:69)
	at cucumber.api.testng.AbstractTestNGCucumberTests.feature(AbstractTestNGCucumberTests.java:21)
	at sun.reflect.NativeMethodAccessorImpl.invoke0(Native Method)
	at sun.reflect.NativeMethodAccessorImpl.invoke(Unknown Source)
	at sun.reflect.DelegatingMethodAccessorImpl.invoke(Unknown Source)
	at java.lang.reflect.Method.invoke(Unknown Source)
	at org.testng.internal.MethodInvocationHelper.invokeMethod(MethodInvocationHelper.java:86)
	at org.testng.internal.Invoker.invokeMethod(Invoker.java:645)
	at org.testng.internal.Invoker.invokeTestMethod(Invoker.java:822)
	at org.testng.internal.Invoker.invokeTestMethods(Invoker.java:1130)
	at org.testng.internal.TestMethodWorker.invokeTestMethods(TestMethodWorker.java:129)
	at org.testng.internal.TestMethodWorker.run(TestMethodWorker.java:112)
	at org.testng.TestRunner.privateRun(TestRunner.java:782)
	at org.testng.TestRunner.run(TestRunner.java:632)
	at org.testng.SuiteRunner.runTest(SuiteRunner.java:366)
	at org.testng.SuiteRunner.runSequentially(SuiteRunner.java:361)
	at org.testng.SuiteRunner.privateRun(SuiteRunner.java:319)
	at org.testng.SuiteRunner.run(SuiteRunner.java:268)
	at org.testng.SuiteRunnerWorker.runSuite(SuiteRunnerWorker.java:52)
	at org.testng.SuiteRunnerWorker.run(SuiteRunnerWorker.java:86)
	at org.testng.TestNG.runSuitesSequentially(TestNG.java:1244)
	at org.testng.TestNG.runSuitesLocally(TestNG.java:1169)
	at org.testng.TestNG.run(TestNG.java:1064)
	at org.testng.remote.RemoteTestNG.run(RemoteTestNG.java:113)
	at org.testng.remote.RemoteTestNG.initAndRun(RemoteTestNG.java:206)
	at org.testng.remote.RemoteTestNG.main(RemoteTestNG.java:177)
Caused by: org.openqa.selenium.TimeoutException: Expected condition failed: waiting for visibility of all [] (tried for 5 second(s) with 500 milliseconds interval)
Build info: version: '3.14.0', revision: 'aacccce0', time: '2018-08-02T20:19:58.91Z'
System info: host: 'DESKTOP-UKQTIHO', ip: '192.168.0.126', os.name: 'Windows 10', os.arch: 'x86', os.version: '10.0', java.version: '1.8.0_191'
Driver info: org.openqa.selenium.chrome.ChromeDriver
Capabilities {acceptInsecureCerts: false, acceptSslCerts: false, applicationCacheEnabled: false, browserConnectionEnabled: false, browserName: chrome, chrome: {chromedriverVersion: 74.0.3729.6 (255758eccf3d24..., userDataDir: C:\Users\AAKHAN~1\AppData\L...}, cssSelectorsEnabled: true, databaseEnabled: false, goog:chromeOptions: {debuggerAddress: localhost:50595}, handlesAlerts: true, hasTouchScreen: false, javascriptEnabled: true, locationContextEnabled: true, mobileEmulationEnabled: false, nativeEvents: true, networkConnectionEnabled: false, pageLoadStrategy: normal, platform: XP, platformName: XP, proxy: Proxy(), rotatable: false, setWindowRect: true, strictFileInteractability: false, takesHeapSnapshot: true, takesScreenshot: true, timeouts: {implicit: 0, pageLoad: 300000, script: 30000}, unexpectedAlertBehaviour: ignore, unhandledPromptBehavior: ignore, version: 74.0.3729.169, webStorageEnabled: true}
Session ID: 85e4960660270529754c3a7d093a5ac5
	at org.openqa.selenium.support.ui.WebDriverWait.timeoutException(WebDriverWait.java:113)
	at org.openqa.selenium.support.ui.FluentWait.until(FluentWait.java:283)
	at com.Applicaion.Pages.FlightResultPage.departure_Flight_count(FlightResultPage.java:87)
	at com.Applicaion.Pages.FlightResultPage.print_NonStop_flight_Records(FlightResultPage.java:142)
	at com.stepdefinitions.FlightResultTest.user_select_the_Non_Stop_service_and_able_see_all_Departure_and_Return_flight_Records(FlightResultTest.java:67)
	at ✽.Then user select the Non Stop service and able see all Departure and Return flight Records(D:/sw testing/MakeMyTrip/Features/flightResult.feature:11)
]]>
            </full-stacktrace>
          </exception> <!-- cucumber.runtime.CucumberException -->
          <reporter-output>
            <line>
              <![CDATA[Chrome drive launched with headless mode = NO, Image Disable mode = NO]]>
            </line>
            <line>
              <![CDATA[chrome Maximized]]>
            </line>
            <line>
              <![CDATA[https://www.makemytrip.com Opened]]>
            </line>
            <line>
              <![CDATA[Successfully user is on home page]]>
            </line>
            <line>
              <![CDATA[clicked on Tab Menu Flights]]>
            </line>
            <line>
              <![CDATA[clicked on RoundTrip]]>
            </line>
            <line>
              <![CDATA[Successfully entered the Delhi]]>
            </line>
            <line>
              <![CDATA[selected the city from suggestions]]>
            </line>
            <line>
              <![CDATA[Successfully entered the Bangalore]]>
            </line>
            <line>
              <![CDATA[selected the city from suggestions]]>
            </line>
            <line>
              <![CDATA[clicked on calender]]>
            </line>
            <line>
              <![CDATA[Successfully clicked on Departure Journey Date Fri May 24 2019]]>
            </line>
            <line>
              <![CDATA[Successfully clicked on Departure Journey Date Fri May 31 2019]]>
            </line>
            <line>
              <![CDATA[Successfully clicked on search button]]>
            </line>
            <line>
              <![CDATA[Given 1 Index number is more than number of Departure flight listed or Negative value]]>
            </line>
            <line>
              <![CDATA[select flight from another departure date]]>
            </line>
            <line>
              <![CDATA[clicked on Return flight having index 1]]>
            </line>
            <line>
              <![CDATA[Given 23 Index number is more than number of Departure flight listed or Negative value]]>
            </line>
            <line>
              <![CDATA[select flight from another departure date]]>
            </line>
            <line>
              <![CDATA[clicked on Return flight having index 45]]>
            </line>
            <line>
              <![CDATA[Given 12 Index number is more than number of Departure flight listed or Negative value]]>
            </line>
            <line>
              <![CDATA[select flight from another departure date]]>
            </line>
            <line>
              <![CDATA[clicked on Return flight having index 16]]>
            </line>
            <line>
              <![CDATA[Given 5 Index number is more than number of Departure flight listed or Negative value]]>
            </line>
            <line>
              <![CDATA[select flight from another departure date]]>
            </line>
            <line>
              <![CDATA[clicked on Return flight having index 31]]>
            </line>
            <line>
              <![CDATA[Given 4 Index number is more than number of Departure flight listed or Negative value]]>
            </line>
            <line>
              <![CDATA[select flight from another departure date]]>
            </line>
            <line>
              <![CDATA[clicked on Return flight having index 3]]>
            </line>
            <line>
              <![CDATA[Given 10 Index number is more than number of Departure flight listed or Negative value]]>
            </line>
            <line>
              <![CDATA[select flight from another departure date]]>
            </line>
            <line>
              <![CDATA[clicked on Return flight having index 23]]>
            </line>
            <line>
              <![CDATA[Given 8 Index number is more than number of Departure flight listed or Negative value]]>
            </line>
            <line>
              <![CDATA[select flight from another departure date]]>
            </line>
            <line>
              <![CDATA[clicked on Return flight having index 3]]>
            </line>
          </reporter-output>
        </test-method> <!-- feature -->
        <test-method status="PASS" signature="tearDownClass()[pri:0, instance:com.testrunner.FlightResultTestRunner@7f6b8c]" name="tearDownClass" is-config="true" duration-ms="7" started-at="2019-05-24T20:29:37Z" finished-at="2019-05-24T20:29:37Z">
          <reporter-output>
          </reporter-output>
        </test-method> <!-- tearDownClass -->
      </class> <!-- com.testrunner.FlightResultTestRunner -->
    </test> <!-- MakeMyTrip-Challenge -->
  </suite> <!-- Suite -->
</testng-results>
